Using pre-set license
Built from '2022.3/staging' branch; Version is '2022.3.15f1 (b58023a2b463) revision 11894819'; Using compiler version '192829333'; Build Type 'Release'
OS: 'Windows 11  (10.0.22621) 64bit CoreSingleLanguage' Language: 'tr' Physical Memory: 7933 MB
BatchMode: 1, IsHumanControllingUs: 0, StartBugReporterOnCrash: 0, Is64bit: 1, IsPro: 1

COMMAND LINE ARGUMENTS:
C:\Program Files\Unity\Hub\Editor\2022.3.15f1\Editor\Unity.exe
-adb2
-batchMode
-noUpm
-name
AssetImportWorker2
-projectPath
C:/Users/casper/Desktop/Google Unity/Google/YeniOyun2
-logFile
Logs/AssetImportWorker2.log
-srvPort
62496
Successfully changed project path to: C:/Users/casper/Desktop/Google Unity/Google/YeniOyun2
C:/Users/casper/Desktop/Google Unity/Google/YeniOyun2
[UnityMemory] Configuration Parameters - Can be set up in boot.config
    "memorysetup-bucket-allocator-granularity=16"
    "memorysetup-bucket-allocator-bucket-count=8"
    "memorysetup-bucket-allocator-block-size=33554432"
    "memorysetup-bucket-allocator-block-count=8"
    "memorysetup-main-allocator-block-size=16777216"
    "memorysetup-thread-allocator-block-size=16777216"
    "memorysetup-gfx-main-allocator-block-size=16777216"
    "memorysetup-gfx-thread-allocator-block-size=16777216"
    "memorysetup-cache-allocator-block-size=4194304"
    "memorysetup-typetree-allocator-block-size=2097152"
    "memorysetup-profiler-bucket-allocator-granularity=16"
    "memorysetup-profiler-bucket-allocator-bucket-count=8"
    "memorysetup-profiler-bucket-allocator-block-size=33554432"
    "memorysetup-profiler-bucket-allocator-block-count=8"
    "memorysetup-profiler-allocator-block-size=16777216"
    "memorysetup-profiler-editor-allocator-block-size=1048576"
    "memorysetup-temp-allocator-size-main=16777216"
    "memorysetup-job-temp-allocator-block-size=2097152"
    "memorysetup-job-temp-allocator-block-size-background=1048576"
    "memorysetup-job-temp-allocator-reduction-small-platforms=262144"
    "memorysetup-allocator-temp-initial-block-size-main=262144"
    "memorysetup-allocator-temp-initial-block-size-worker=262144"
    "memorysetup-temp-allocator-size-background-worker=32768"
    "memorysetup-temp-allocator-size-job-worker=262144"
    "memorysetup-temp-allocator-size-preload-manager=33554432"
    "memorysetup-temp-allocator-size-nav-mesh-worker=65536"
    "memorysetup-temp-allocator-size-audio-worker=65536"
    "memorysetup-temp-allocator-size-cloud-worker=32768"
    "memorysetup-temp-allocator-size-gi-baking-worker=262144"
    "memorysetup-temp-allocator-size-gfx=262144"
Player connection [27484] Host "[IP] 192.168.1.39 [Port] 0 [Flags] 2 [Guid] 1701831348 [EditorId] 1701831348 [Version] 1048832 [Id] WindowsEditor(7,DESKTOP-QC8BM8M) [Debug] 1 [PackageName] WindowsEditor [ProjectName] Editor" joined multi-casting on [225.0.0.222:54997]...

Player connection [27484] Host "[IP] 192.168.1.39 [Port] 0 [Flags] 2 [Guid] 1701831348 [EditorId] 1701831348 [Version] 1048832 [Id] WindowsEditor(7,DESKTOP-QC8BM8M) [Debug] 1 [PackageName] WindowsEditor [ProjectName] Editor" joined alternative multi-casting on [225.0.0.222:34997]...

[Physics::Module] Initialized MultithreadedJobDispatcher with 11 workers.
Refreshing native plugins compatible for Editor in 20.67 ms, found 4 plugins.
Preloading 0 native plugins for Editor in 0.00 ms.
Initialize engine version: 2022.3.15f1 (b58023a2b463)
[Subsystems] Discovering subsystems at path C:/Program Files/Unity/Hub/Editor/2022.3.15f1/Editor/Data/Resources/UnitySubsystems
[Subsystems] Discovering subsystems at path C:/Users/casper/Desktop/Google Unity/Google/YeniOyun2/Assets
GfxDevice: creating device client; threaded=0; jobified=0
Direct3D:
    Version:  Direct3D 11.0 [level 11.1]
    Renderer: NVIDIA GeForce GTX 1650 (ID=0x1f9d)
    Vendor:   NVIDIA
    VRAM:     3950 MB
    Driver:   31.0.15.2824
Initialize mono
Mono path[0] = 'C:/Program Files/Unity/Hub/Editor/2022.3.15f1/Editor/Data/Managed'
Mono path[1] = 'C:/Program Files/Unity/Hub/Editor/2022.3.15f1/Editor/Data/MonoBleedingEdge/lib/mono/unityjit-win32'
Mono config path = 'C:/Program Files/Unity/Hub/Editor/2022.3.15f1/Editor/Data/MonoBleedingEdge/etc'
Using monoOptions --debugger-agent=transport=dt_socket,embedding=1,server=y,suspend=n,address=127.0.0.1:56628
Begin MonoManager ReloadAssembly
Registering precompiled unity dll's ...
Register platform support module: C:/Program Files/Unity/Hub/Editor/2022.3.15f1/Editor/Data/PlaybackEngines/WindowsStandaloneSupport/UnityEditor.WindowsStandalone.Extensions.dll
Registered in 0.010965 seconds.
- Loaded All Assemblies, in  0.474 seconds
Native extension for WindowsStandalone target not found
Mono: successfully reloaded assembly
- Finished resetting the current domain, in  0.287 seconds
Domain Reload Profiling: 756ms
	BeginReloadAssembly (149ms)
		ExecutionOrderSort (0ms)
		DisableScriptedObjects (0ms)
		BackupInstance (0ms)
		ReleaseScriptingObjects (0ms)
		CreateAndSetChildDomain (1ms)
	RebuildCommonClasses (38ms)
	RebuildNativeTypeToScriptingClass (13ms)
	initialDomainReloadingComplete (86ms)
	LoadAllAssembliesAndSetupDomain (183ms)
		LoadAssemblies (144ms)
		RebuildTransferFunctionScriptingTraits (0ms)
		AnalyzeDomain (179ms)
			TypeCache.Refresh (177ms)
				TypeCache.ScanAssembly (163ms)
			ScanForSourceGeneratedMonoScriptInfo (1ms)
			ResolveRequiredComponents (0ms)
	FinalizeReload (287ms)
		ReleaseScriptCaches (0ms)
		RebuildScriptCaches (0ms)
		SetupLoadedEditorAssemblies (226ms)
			LogAssemblyErrors (0ms)
			InitializePlatformSupportModulesInManaged (9ms)
			SetLoadedEditorAssemblies (8ms)
			RefreshPlugins (0ms)
			BeforeProcessingInitializeOnLoad (3ms)
			ProcessInitializeOnLoadAttributes (158ms)
			ProcessInitializeOnLoadMethodAttributes (48ms)
			AfterProcessingInitializeOnLoad (0ms)
			EditorAssembliesLoaded (0ms)
		ExecutionOrderSort2 (0ms)
		AwakeInstancesAfterBackupRestoration (0ms)
========================================================================
Worker process is ready to serve import requests
Begin MonoManager ReloadAssembly
- Loaded All Assemblies, in  1.372 seconds
Refreshing native plugins compatible for Editor in 32.50 ms, found 4 plugins.
Native extension for WindowsStandalone target not found
Package Manager log level set to [2]
[Package Manager] Server::EnsureServerProcessIsRunning -- launch failed, reason: Unity was launched with the -noUpm command-line argument
[Package Manager] UpmClient::Send -- Unable to send message (not connected to UPM process).
[Package Manager] Cannot connect to Unity Package Manager local server
Mono: successfully reloaded assembly
- Finished resetting the current domain, in  0.822 seconds
Domain Reload Profiling: 2185ms
	BeginReloadAssembly (279ms)
		ExecutionOrderSort (0ms)
		DisableScriptedObjects (5ms)
		BackupInstance (0ms)
		ReleaseScriptingObjects (0ms)
		CreateAndSetChildDomain (32ms)
	RebuildCommonClasses (61ms)
	RebuildNativeTypeToScriptingClass (16ms)
	initialDomainReloadingComplete (104ms)
	LoadAllAssembliesAndSetupDomain (902ms)
		LoadAssemblies (791ms)
		RebuildTransferFunctionScriptingTraits (0ms)
		AnalyzeDomain (305ms)
			TypeCache.Refresh (255ms)
				TypeCache.ScanAssembly (222ms)
			ScanForSourceGeneratedMonoScriptInfo (39ms)
			ResolveRequiredComponents (8ms)
	FinalizeReload (823ms)
		ReleaseScriptCaches (0ms)
		RebuildScriptCaches (0ms)
		SetupLoadedEditorAssemblies (577ms)
			LogAssemblyErrors (0ms)
			InitializePlatformSupportModulesInManaged (9ms)
			SetLoadedEditorAssemblies (4ms)
			RefreshPlugins (0ms)
			BeforeProcessingInitializeOnLoad (87ms)
			ProcessInitializeOnLoadAttributes (393ms)
			ProcessInitializeOnLoadMethodAttributes (65ms)
			AfterProcessingInitializeOnLoad (18ms)
			EditorAssembliesLoaded (0ms)
		ExecutionOrderSort2 (0ms)
		AwakeInstancesAfterBackupRestoration (7ms)
Launched and connected shader compiler UnityShaderCompiler.exe after 0.05 seconds
Refreshing native plugins compatible for Editor in 8.84 ms, found 4 plugins.
Preloading 0 native plugins for Editor in 0.00 ms.
Unloading 4064 Unused Serialized files (Serialized files now loaded: 0)
Unloading 70 unused Assets / (244.6 KB). Loaded Objects now: 4520.
Memory consumption went from 148.9 MB to 148.6 MB.
Total: 5.863100 ms (FindLiveObjects: 0.698900 ms CreateObjectMapping: 0.326600 ms MarkObjects: 4.391800 ms  DeleteObjects: 0.443000 ms)

AssetImportParameters requested are different than current active one (requested -> active):
  custom:container-demuxer-ogg: 62fdf1f143b41e24485cea50d1cbac27 -> 
  custom:video-codec-MediaFoundation-h265: 746d11721c4dcdbdad8f713fa42b33f4 -> 
  custom:video-decoder-ogg-theora: a1e56fd34408186e4bbccfd4996cb3dc -> 
  custom:framework-win-MediaFoundation: 216162199b28c13a410421893ffa2e32 -> 
  custom:CustomObjectIndexerAttribute: 43b350a4d6e6d1791af0b5038c4bea17 -> 
  custom:container-demuxer-webm: 4f35f7cbe854078d1ac9338744f61a02 -> 
  custom:container-muxer-webm: aa71ff27fc2769a1b78a27578f13a17b -> 
  custom:video-decoder-webm-vp8: 9c59270c3fd7afecdb556c50c9e8de78 -> 
  custom:SearchIndexIgnoredProperties: e643bd26f0fe6173181afceb89e7c659 -> 
  custom:AudioImporter_EditorPlatform: d09bf68614088b80899f8185d706f6e7 -> 
  custom:video-encoder-webm-vp8: eb34c28f22e8b96e1ab97ce403110664 -> 
  custom:audio-decoder-ogg-vorbis: bf7c407c2cedff20999df2af8eb42d56 -> 
  custom:audio-encoder-webm-vorbis: bf7c407c2cedff20999df2af8eb42d56 -> 
========================================================================
Received Import Request.
  Time since last request: 1094322.251805 seconds.
  path: Assets/Textures/sokoban_tilesheet@2_37 1.asset
  artifactKey: Guid(62340d452778dbb459b126a2c3f653f4) Importer(815301076,1909f56bfc062723c751e8b465ee728b)
Start importing Assets/Textures/sokoban_tilesheet@2_37 1.asset using Guid(62340d452778dbb459b126a2c3f653f4) Importer(815301076,1909f56bfc062723c751e8b465ee728b)  -> (artifact id: '0ea60a6230c128e050e9108b20a60271') in 0.097989 seconds
Number of updated asset objects reloaded before import = 0
Number of asset objects unloaded after import = 3
========================================================================
Received Import Request.
  Time since last request: 0.544925 seconds.
  path: Assets/Textures/sokoban_tilesheet@2_41.asset
  artifactKey: Guid(4b3a40ae0f230c648b516bc496985168) Importer(815301076,1909f56bfc062723c751e8b465ee728b)
Start importing Assets/Textures/sokoban_tilesheet@2_41.asset using Guid(4b3a40ae0f230c648b516bc496985168) Importer(815301076,1909f56bfc062723c751e8b465ee728b)  -> (artifact id: 'c347d10e1565275afd49da0a1c6467ec') in 0.012693 seconds
Number of updated asset objects reloaded before import = 0
Number of asset objects unloaded after import = 3
========================================================================
Received Import Request.
  Time since last request: 0.000116 seconds.
  path: Assets/Textures/sokoban_tilesheet@2_43.asset
  artifactKey: Guid(0d23505c6de0c3146a1f7fdeecd2d5bc) Importer(815301076,1909f56bfc062723c751e8b465ee728b)
Start importing Assets/Textures/sokoban_tilesheet@2_43.asset using Guid(0d23505c6de0c3146a1f7fdeecd2d5bc) Importer(815301076,1909f56bfc062723c751e8b465ee728b)  -> (artifact id: '8c17867461dcfc8f5c17ddd20bdf1c23') in 0.011156 seconds
Number of updated asset objects reloaded before import = 0
Number of asset objects unloaded after import = 3
========================================================================
Received Import Request.
  Time since last request: 0.000180 seconds.
  path: Assets/Textures/sokoban_tilesheet@2_43 1.asset
  artifactKey: Guid(ffcb4f13e6280a14988058257c10782f) Importer(815301076,1909f56bfc062723c751e8b465ee728b)
Start importing Assets/Textures/sokoban_tilesheet@2_43 1.asset using Guid(ffcb4f13e6280a14988058257c10782f) Importer(815301076,1909f56bfc062723c751e8b465ee728b)  -> (artifact id: 'bbe7bb21236eb08967841782f9bc8934') in 0.008840 seconds
Number of updated asset objects reloaded before import = 0
Number of asset objects unloaded after import = 3
========================================================================
Received Import Request.
  Time since last request: 0.242738 seconds.
  path: Assets/Textures/sokoban_tilesheet@2_44 1.asset
  artifactKey: Guid(4e90128813ea2c845bfab6be005fcdf3) Importer(815301076,1909f56bfc062723c751e8b465ee728b)
Start importing Assets/Textures/sokoban_tilesheet@2_44 1.asset using Guid(4e90128813ea2c845bfab6be005fcdf3) Importer(815301076,1909f56bfc062723c751e8b465ee728b)  -> (artifact id: '198a2bd16bdd860b85a6cc146080e4b3') in 0.010225 seconds
Number of updated asset objects reloaded before import = 0
Number of asset objects unloaded after import = 3
========================================================================
Received Import Request.
  Time since last request: 0.000023 seconds.
  path: Assets/Textures/sokoban_tilesheet@2_46 1.asset
  artifactKey: Guid(c412f7f10a644de4e8e87ada08d6fa19) Importer(815301076,1909f56bfc062723c751e8b465ee728b)
Start importing Assets/Textures/sokoban_tilesheet@2_46 1.asset using Guid(c412f7f10a644de4e8e87ada08d6fa19) Importer(815301076,1909f56bfc062723c751e8b465ee728b)  -> (artifact id: '1622f9c400148b4b6159d6b2cff369db') in 0.011671 seconds
Number of updated asset objects reloaded before import = 0
Number of asset objects unloaded after import = 3
========================================================================
Received Import Request.
  Time since last request: 0.000026 seconds.
  path: Assets/Textures/sokoban_tilesheet@2_46.asset
  artifactKey: Guid(b7e39b0156c7c5b49b082cbe7809198f) Importer(815301076,1909f56bfc062723c751e8b465ee728b)
Start importing Assets/Textures/sokoban_tilesheet@2_46.asset using Guid(b7e39b0156c7c5b49b082cbe7809198f) Importer(815301076,1909f56bfc062723c751e8b465ee728b)  -> (artifact id: '68462b1fd1df731531efcaa22d635b46') in 0.008646 seconds
Number of updated asset objects reloaded before import = 0
Number of asset objects unloaded after import = 3
========================================================================
Received Import Request.
  Time since last request: 0.165910 seconds.
  path: Assets/Textures/sokoban_tilesheet@2_48.asset
  artifactKey: Guid(d7f9873b25449d4488e592d8492287a1) Importer(815301076,1909f56bfc062723c751e8b465ee728b)
Start importing Assets/Textures/sokoban_tilesheet@2_48.asset using Guid(d7f9873b25449d4488e592d8492287a1) Importer(815301076,1909f56bfc062723c751e8b465ee728b)  -> (artifact id: 'd1866e38a91d8b017b7df0094adb608c') in 0.016484 seconds
Number of updated asset objects reloaded before import = 0
Number of asset objects unloaded after import = 3
========================================================================
Received Import Request.
  Time since last request: 0.000212 seconds.
  path: Assets/Textures/sokoban_tilesheet@2_49 1.asset
  artifactKey: Guid(474de68f2dff0cf45a4d520bfc74b0e8) Importer(815301076,1909f56bfc062723c751e8b465ee728b)
Start importing Assets/Textures/sokoban_tilesheet@2_49 1.asset using Guid(474de68f2dff0cf45a4d520bfc74b0e8) Importer(815301076,1909f56bfc062723c751e8b465ee728b)  -> (artifact id: '988e2aaf779ddc3a1d4ae0c8634fbddd') in 0.014465 seconds
Number of updated asset objects reloaded before import = 0
Number of asset objects unloaded after import = 3
========================================================================
Received Import Request.
  Time since last request: 0.000270 seconds.
  path: Assets/Textures/sokoban_tilesheet@2_50.asset
  artifactKey: Guid(3a2038afaa776c141a99a5a0e6477c2b) Importer(815301076,1909f56bfc062723c751e8b465ee728b)
Start importing Assets/Textures/sokoban_tilesheet@2_50.asset using Guid(3a2038afaa776c141a99a5a0e6477c2b) Importer(815301076,1909f56bfc062723c751e8b465ee728b)  -> (artifact id: '7144b745db7ea3d1b96254ef504e3b56') in 0.015805 seconds
Number of updated asset objects reloaded before import = 0
Number of asset objects unloaded after import = 3
========================================================================
Received Import Request.
  Time since last request: 0.542368 seconds.
  path: Assets/Textures/sokoban_tilesheet@2_51 1.asset
  artifactKey: Guid(548782749d168d440ac80212c500a4f4) Importer(815301076,1909f56bfc062723c751e8b465ee728b)
Start importing Assets/Textures/sokoban_tilesheet@2_51 1.asset using Guid(548782749d168d440ac80212c500a4f4) Importer(815301076,1909f56bfc062723c751e8b465ee728b)  -> (artifact id: 'a7b9a01a5c83f21351e476bd94dc1501') in 0.010212 seconds
Number of updated asset objects reloaded before import = 0
Number of asset objects unloaded after import = 3
========================================================================
Received Import Request.
  Time since last request: 0.000038 seconds.
  path: Assets/Textures/sokoban_tilesheet@2_53.asset
  artifactKey: Guid(81c38254589c2ef4c98359e325732a59) Importer(815301076,1909f56bfc062723c751e8b465ee728b)
Start importing Assets/Textures/sokoban_tilesheet@2_53.asset using Guid(81c38254589c2ef4c98359e325732a59) Importer(815301076,1909f56bfc062723c751e8b465ee728b)  -> (artifact id: 'e698d1d5efc2b144c6a6a7f6b0936e58') in 0.018324 seconds
Number of updated asset objects reloaded before import = 0
Number of asset objects unloaded after import = 3
========================================================================
Received Import Request.
  Time since last request: 0.400158 seconds.
  path: Assets/Textures/sokoban_tilesheet@2_55.asset
  artifactKey: Guid(c59e9545f7ee3fe4cbc7965cc9186c43) Importer(815301076,1909f56bfc062723c751e8b465ee728b)
Start importing Assets/Textures/sokoban_tilesheet@2_55.asset using Guid(c59e9545f7ee3fe4cbc7965cc9186c43) Importer(815301076,1909f56bfc062723c751e8b465ee728b)  -> (artifact id: 'ba5a9e7edcabbb5746b6323b25718930') in 0.010490 seconds
Number of updated asset objects reloaded before import = 0
Number of asset objects unloaded after import = 3
========================================================================
Received Import Request.
  Time since last request: 0.000034 seconds.
  path: Assets/Textures/sokoban_tilesheet@2_56 1.asset
  artifactKey: Guid(3ec52df2902ec5c418dcad0945f80c9c) Importer(815301076,1909f56bfc062723c751e8b465ee728b)
Start importing Assets/Textures/sokoban_tilesheet@2_56 1.asset using Guid(3ec52df2902ec5c418dcad0945f80c9c) Importer(815301076,1909f56bfc062723c751e8b465ee728b)  -> (artifact id: '641204210d7ab534024760c6939e6476') in 0.009464 seconds
Number of updated asset objects reloaded before import = 0
Number of asset objects unloaded after import = 3
========================================================================
Received Import Request.
  Time since last request: 0.000049 seconds.
  path: Assets/Textures/sokoban_tilesheet@2_58.asset
  artifactKey: Guid(1fb44047bbc3d564f909417c968cca91) Importer(815301076,1909f56bfc062723c751e8b465ee728b)
Start importing Assets/Textures/sokoban_tilesheet@2_58.asset using Guid(1fb44047bbc3d564f909417c968cca91) Importer(815301076,1909f56bfc062723c751e8b465ee728b)  -> (artifact id: 'fcd4d870181f3c91af72ac123968d69a') in 0.014564 seconds
Number of updated asset objects reloaded before import = 0
Number of asset objects unloaded after import = 3
========================================================================
Received Import Request.
  Time since last request: 0.711487 seconds.
  path: Assets/Textures/sokoban_tilesheet@2_58 1.asset
  artifactKey: Guid(e8a6d1205ce242545a2028eab3ade42a) Importer(815301076,1909f56bfc062723c751e8b465ee728b)
Start importing Assets/Textures/sokoban_tilesheet@2_58 1.asset using Guid(e8a6d1205ce242545a2028eab3ade42a) Importer(815301076,1909f56bfc062723c751e8b465ee728b)  -> (artifact id: 'b4b1b90479f2068d94ab5c4a04877542') in 0.014535 seconds
Number of updated asset objects reloaded before import = 0
Number of asset objects unloaded after import = 3
========================================================================
Received Import Request.
  Time since last request: 0.000092 seconds.
  path: Assets/Textures/sokoban_tilesheet@2_60 1.asset
  artifactKey: Guid(e52c5cafe2ad352429564b290db0b997) Importer(815301076,1909f56bfc062723c751e8b465ee728b)
Start importing Assets/Textures/sokoban_tilesheet@2_60 1.asset using Guid(e52c5cafe2ad352429564b290db0b997) Importer(815301076,1909f56bfc062723c751e8b465ee728b)  -> (artifact id: 'a26b71861da2ad972397794ad6183a27') in 0.017326 seconds
Number of updated asset objects reloaded before import = 0
Number of asset objects unloaded after import = 3
========================================================================
Received Import Request.
  Time since last request: 0.000102 seconds.
  path: Assets/Textures/sokoban_tilesheet@2_61.asset
  artifactKey: Guid(ca94e60ecf1af484794d66b309ebbd5f) Importer(815301076,1909f56bfc062723c751e8b465ee728b)
Start importing Assets/Textures/sokoban_tilesheet@2_61.asset using Guid(ca94e60ecf1af484794d66b309ebbd5f) Importer(815301076,1909f56bfc062723c751e8b465ee728b)  -> (artifact id: '0451c35a1a8e536a195abd094aac98bd') in 0.020463 seconds
Number of updated asset objects reloaded before import = 0
Number of asset objects unloaded after import = 3
========================================================================
Received Import Request.
  Time since last request: 0.329351 seconds.
  path: Assets/Textures/sokoban_tilesheet@2_62.asset
  artifactKey: Guid(6920707ee046c2e4c992173366880ffe) Importer(815301076,1909f56bfc062723c751e8b465ee728b)
Start importing Assets/Textures/sokoban_tilesheet@2_62.asset using Guid(6920707ee046c2e4c992173366880ffe) Importer(815301076,1909f56bfc062723c751e8b465ee728b)  -> (artifact id: '5238edde3f77208a2cd8f92dc91a9a93') in 0.029381 seconds
Number of updated asset objects reloaded before import = 0
Number of asset objects unloaded after import = 3
========================================================================
Received Import Request.
  Time since last request: 0.000024 seconds.
  path: Assets/Textures/sokoban_tilesheet@2_64.asset
  artifactKey: Guid(16e6fe2f9648b2d4286acf2595d7118f) Importer(815301076,1909f56bfc062723c751e8b465ee728b)
Start importing Assets/Textures/sokoban_tilesheet@2_64.asset using Guid(16e6fe2f9648b2d4286acf2595d7118f) Importer(815301076,1909f56bfc062723c751e8b465ee728b)  -> (artifact id: '67c5080c1396f7baef0461e4e13e653b') in 0.018482 seconds
Number of updated asset objects reloaded before import = 0
Number of asset objects unloaded after import = 3
========================================================================
Received Import Request.
  Time since last request: 0.436471 seconds.
  path: Assets/Textures/sokoban_tilesheet@2_65 1.asset
  artifactKey: Guid(9c2c4667f1011ee43a2f519022792934) Importer(815301076,1909f56bfc062723c751e8b465ee728b)
Start importing Assets/Textures/sokoban_tilesheet@2_65 1.asset using Guid(9c2c4667f1011ee43a2f519022792934) Importer(815301076,1909f56bfc062723c751e8b465ee728b)  -> (artifact id: 'cf3510ecd594cea6f42d3938b369434c') in 0.009663 seconds
Number of updated asset objects reloaded before import = 0
Number of asset objects unloaded after import = 3
========================================================================
Received Import Request.
  Time since last request: 0.000082 seconds.
  path: Assets/Textures/sokoban_tilesheet@2_67.asset
  artifactKey: Guid(49946d0d4f9e8524c9130f5810e208ee) Importer(815301076,1909f56bfc062723c751e8b465ee728b)
Start importing Assets/Textures/sokoban_tilesheet@2_67.asset using Guid(49946d0d4f9e8524c9130f5810e208ee) Importer(815301076,1909f56bfc062723c751e8b465ee728b)  -> (artifact id: '73c73bad0f3ecd3bce81131c2ed1bd21') in 0.010439 seconds
Number of updated asset objects reloaded before import = 0
Number of asset objects unloaded after import = 3
========================================================================
Received Import Request.
  Time since last request: 0.000031 seconds.
  path: Assets/Textures/sokoban_tilesheet@2_68 1.asset
  artifactKey: Guid(3796a267f74a9b74ba1886852cc84aa4) Importer(815301076,1909f56bfc062723c751e8b465ee728b)
Start importing Assets/Textures/sokoban_tilesheet@2_68 1.asset using Guid(3796a267f74a9b74ba1886852cc84aa4) Importer(815301076,1909f56bfc062723c751e8b465ee728b)  -> (artifact id: '6ef979817477df12e7126cfdc041f79d') in 0.010467 seconds
Number of updated asset objects reloaded before import = 0
Number of asset objects unloaded after import = 3
========================================================================
Received Import Request.
  Time since last request: 0.148596 seconds.
  path: Assets/Textures/sokoban_tilesheet@2_69.asset
  artifactKey: Guid(1422906458a86bb49a4ac7101d9dab7b) Importer(815301076,1909f56bfc062723c751e8b465ee728b)
Start importing Assets/Textures/sokoban_tilesheet@2_69.asset using Guid(1422906458a86bb49a4ac7101d9dab7b) Importer(815301076,1909f56bfc062723c751e8b465ee728b)  -> (artifact id: '7eb4876fc23a2d196bd70d63356e913d') in 0.012922 seconds
Number of updated asset objects reloaded before import = 0
Number of asset objects unloaded after import = 3
========================================================================
Received Import Request.
  Time since last request: 0.000029 seconds.
  path: Assets/Textures/sokoban_tilesheet@2_72.asset
  artifactKey: Guid(b67fcfc7511472442a76691b95b7d612) Importer(815301076,1909f56bfc062723c751e8b465ee728b)
Start importing Assets/Textures/sokoban_tilesheet@2_72.asset using Guid(b67fcfc7511472442a76691b95b7d612) Importer(815301076,1909f56bfc062723c751e8b465ee728b)  -> (artifact id: '53710bc4bbb021422522c9b519d0f73e') in 0.010166 seconds
Number of updated asset objects reloaded before import = 0
Number of asset objects unloaded after import = 3
========================================================================
Received Import Request.
  Time since last request: 0.000073 seconds.
  path: Assets/Textures/sokoban_tilesheet@2_70 1.asset
  artifactKey: Guid(d4c1d06d303b6c84bbfae8d7997cceff) Importer(815301076,1909f56bfc062723c751e8b465ee728b)
Start importing Assets/Textures/sokoban_tilesheet@2_70 1.asset using Guid(d4c1d06d303b6c84bbfae8d7997cceff) Importer(815301076,1909f56bfc062723c751e8b465ee728b)  -> (artifact id: '4e0adafa6b272bb62bcaf56390dbf678') in 0.012194 seconds
Number of updated asset objects reloaded before import = 0
Number of asset objects unloaded after import = 3
========================================================================
Received Import Request.
  Time since last request: 1.056883 seconds.
  path: Assets/Textures/sokoban_tilesheet@2_72 1.asset
  artifactKey: Guid(ecaab6cb390914b46abd19696cbbd64f) Importer(815301076,1909f56bfc062723c751e8b465ee728b)
Start importing Assets/Textures/sokoban_tilesheet@2_72 1.asset using Guid(ecaab6cb390914b46abd19696cbbd64f) Importer(815301076,1909f56bfc062723c751e8b465ee728b)  -> (artifact id: '6ac434155864597aa51713e353e9735e') in 0.010768 seconds
Number of updated asset objects reloaded before import = 0
Number of asset objects unloaded after import = 3
========================================================================
Received Import Request.
  Time since last request: 0.000120 seconds.
  path: Assets/Textures/sokoban_tilesheet@2_74.asset
  artifactKey: Guid(948301c2276b23c478f4f15ccce3877c) Importer(815301076,1909f56bfc062723c751e8b465ee728b)
Start importing Assets/Textures/sokoban_tilesheet@2_74.asset using Guid(948301c2276b23c478f4f15ccce3877c) Importer(815301076,1909f56bfc062723c751e8b465ee728b)  -> (artifact id: '290a326ff61bfd7be7c8161387612375') in 0.013558 seconds
Number of updated asset objects reloaded before import = 0
Number of asset objects unloaded after import = 3
========================================================================
Received Import Request.
  Time since last request: 0.000219 seconds.
  path: Assets/Textures/sokoban_tilesheet@2_74 1.asset
  artifactKey: Guid(ca6058ed9b3900747a45598b0d04f8ba) Importer(815301076,1909f56bfc062723c751e8b465ee728b)
Start importing Assets/Textures/sokoban_tilesheet@2_74 1.asset using Guid(ca6058ed9b3900747a45598b0d04f8ba) Importer(815301076,1909f56bfc062723c751e8b465ee728b)  -> (artifact id: '4b22e01f504a5bfc401c638cf56bd198') in 0.010221 seconds
Number of updated asset objects reloaded before import = 0
Number of asset objects unloaded after import = 3
========================================================================
Received Import Request.
  Time since last request: 0.021277 seconds.
  path: Assets/Textures/sokoban_tilesheet@2_76.asset
  artifactKey: Guid(4ea6950716d6b7b4783b261bba1b273b) Importer(815301076,1909f56bfc062723c751e8b465ee728b)
Start importing Assets/Textures/sokoban_tilesheet@2_76.asset using Guid(4ea6950716d6b7b4783b261bba1b273b) Importer(815301076,1909f56bfc062723c751e8b465ee728b)  -> (artifact id: 'e31329e7d5462e26fa589f2758e22ce7') in 0.012022 seconds
Number of updated asset objects reloaded before import = 0
Number of asset objects unloaded after import = 3
========================================================================
Received Import Request.
  Time since last request: 0.000024 seconds.
  path: Assets/Textures/sokoban_tilesheet@2_79.asset
  artifactKey: Guid(fce9830dc85882241b29460641a299ef) Importer(815301076,1909f56bfc062723c751e8b465ee728b)
Start importing Assets/Textures/sokoban_tilesheet@2_79.asset using Guid(fce9830dc85882241b29460641a299ef) Importer(815301076,1909f56bfc062723c751e8b465ee728b)  -> (artifact id: 'ddd91a71fc63905964be69762a051f9d') in 0.013484 seconds
Number of updated asset objects reloaded before import = 0
Number of asset objects unloaded after import = 3
========================================================================
Received Import Request.
  Time since last request: 0.601956 seconds.
  path: Assets/Textures/sokoban_tilesheet@2_79 1.asset
  artifactKey: Guid(fbed9d9bdf6592042bfec968865dac87) Importer(815301076,1909f56bfc062723c751e8b465ee728b)
Start importing Assets/Textures/sokoban_tilesheet@2_79 1.asset using Guid(fbed9d9bdf6592042bfec968865dac87) Importer(815301076,1909f56bfc062723c751e8b465ee728b)  -> (artifact id: 'ce1db475a4d19878dc792cade15d5e0b') in 0.008278 seconds
Number of updated asset objects reloaded before import = 0
Number of asset objects unloaded after import = 3
========================================================================
Received Import Request.
  Time since last request: 0.000022 seconds.
  path: Assets/Textures/sokoban_tilesheet@2_82.asset
  artifactKey: Guid(d72e2c5c4f0e42641a79e33b4987c22f) Importer(815301076,1909f56bfc062723c751e8b465ee728b)
Start importing Assets/Textures/sokoban_tilesheet@2_82.asset using Guid(d72e2c5c4f0e42641a79e33b4987c22f) Importer(815301076,1909f56bfc062723c751e8b465ee728b)  -> (artifact id: '00af8add455ad72aa5b5162dd3573d62') in 0.011954 seconds
Number of updated asset objects reloaded before import = 0
Number of asset objects unloaded after import = 3
========================================================================
Received Import Request.
  Time since last request: 0.000197 seconds.
  path: Assets/Textures/sokoban_tilesheet@2_82 1.asset
  artifactKey: Guid(89170014c16cbcc4ab7a836c7eb7f742) Importer(815301076,1909f56bfc062723c751e8b465ee728b)
Start importing Assets/Textures/sokoban_tilesheet@2_82 1.asset using Guid(89170014c16cbcc4ab7a836c7eb7f742) Importer(815301076,1909f56bfc062723c751e8b465ee728b)  -> (artifact id: '33e5e61d2c01ccc2406d43a52d7f7437') in 0.011151 seconds
Number of updated asset objects reloaded before import = 0
Number of asset objects unloaded after import = 3
========================================================================
Received Import Request.
  Time since last request: 0.872790 seconds.
  path: Assets/Textures/sokoban_tilesheet@2_83.asset
  artifactKey: Guid(d1b91a83487b71944ad4e430f5f19478) Importer(815301076,1909f56bfc062723c751e8b465ee728b)
Start importing Assets/Textures/sokoban_tilesheet@2_83.asset using Guid(d1b91a83487b71944ad4e430f5f19478) Importer(815301076,1909f56bfc062723c751e8b465ee728b)  -> (artifact id: 'b28601b91f29c7eaaf83300343940528') in 0.008807 seconds
Number of updated asset objects reloaded before import = 0
Number of asset objects unloaded after import = 3
========================================================================
Received Import Request.
  Time since last request: 0.000150 seconds.
  path: Assets/Textures/sokoban_tilesheet@2_86.asset
  artifactKey: Guid(5ac99a773de85744baab4544ff8b9e01) Importer(815301076,1909f56bfc062723c751e8b465ee728b)
Start importing Assets/Textures/sokoban_tilesheet@2_86.asset using Guid(5ac99a773de85744baab4544ff8b9e01) Importer(815301076,1909f56bfc062723c751e8b465ee728b)  -> (artifact id: 'cd6cf6b0cdd62e33a3048c3b3b23cde4') in 0.011252 seconds
Number of updated asset objects reloaded before import = 0
Number of asset objects unloaded after import = 3
========================================================================
Received Import Request.
  Time since last request: 0.000041 seconds.
  path: Assets/Textures/sokoban_tilesheet@2_85.asset
  artifactKey: Guid(dfa8bee775ae6e9498e89fa60a4a530d) Importer(815301076,1909f56bfc062723c751e8b465ee728b)
Start importing Assets/Textures/sokoban_tilesheet@2_85.asset using Guid(dfa8bee775ae6e9498e89fa60a4a530d) Importer(815301076,1909f56bfc062723c751e8b465ee728b)  -> (artifact id: 'dbe5ebf6a153af644c4cfbee5c170528') in 0.011666 seconds
Number of updated asset objects reloaded before import = 0
Number of asset objects unloaded after import = 3
========================================================================
Received Import Request.
  Time since last request: 5.124179 seconds.
  path: Assets/Textures/sokoban_tilesheet@2_86 1.asset
  artifactKey: Guid(a08e24dc190503a439e6eade52e4abd5) Importer(815301076,1909f56bfc062723c751e8b465ee728b)
Start importing Assets/Textures/sokoban_tilesheet@2_86 1.asset using Guid(a08e24dc190503a439e6eade52e4abd5) Importer(815301076,1909f56bfc062723c751e8b465ee728b)  -> (artifact id: '797be7b692cff757d3e142fa22321058') in 0.008452 seconds
Number of updated asset objects reloaded before import = 0
Number of asset objects unloaded after import = 3
========================================================================
Received Import Request.
  Time since last request: 0.000053 seconds.
  path: Assets/Textures/sokoban_tilesheet@2_88.asset
  artifactKey: Guid(1f936c6183fd8d54b8dadea2d3a7e8c5) Importer(815301076,1909f56bfc062723c751e8b465ee728b)
Start importing Assets/Textures/sokoban_tilesheet@2_88.asset using Guid(1f936c6183fd8d54b8dadea2d3a7e8c5) Importer(815301076,1909f56bfc062723c751e8b465ee728b)  -> (artifact id: '42f6b663d16cc0ea2db53ba13076ce29') in 0.011088 seconds
Number of updated asset objects reloaded before import = 0
Number of asset objects unloaded after import = 3
========================================================================
Received Import Request.
  Time since last request: 0.000050 seconds.
  path: Assets/Textures/sokoban_tilesheet@2_89 1.asset
  artifactKey: Guid(b7d064501f72eb14b9bbeaab5d853547) Importer(815301076,1909f56bfc062723c751e8b465ee728b)
Start importing Assets/Textures/sokoban_tilesheet@2_89 1.asset using Guid(b7d064501f72eb14b9bbeaab5d853547) Importer(815301076,1909f56bfc062723c751e8b465ee728b)  -> (artifact id: 'c7df92997a7d9d070c7d790faf0e8783') in 0.007774 seconds
Number of updated asset objects reloaded before import = 0
Number of asset objects unloaded after import = 3
========================================================================
Received Import Request.
  Time since last request: 1.269468 seconds.
  path: Assets/Textures/sokoban_tilesheet@2_90.asset
  artifactKey: Guid(6dce53c522c2cbe4796802d260a69717) Importer(815301076,1909f56bfc062723c751e8b465ee728b)
Start importing Assets/Textures/sokoban_tilesheet@2_90.asset using Guid(6dce53c522c2cbe4796802d260a69717) Importer(815301076,1909f56bfc062723c751e8b465ee728b)  -> (artifact id: 'd6d728cdeb97306401f16bc0f7c942f5') in 0.009236 seconds
Number of updated asset objects reloaded before import = 0
Number of asset objects unloaded after import = 3
========================================================================
Received Import Request.
  Time since last request: 0.000078 seconds.
  path: Assets/Textures/sokoban_tilesheet@2_93.asset
  artifactKey: Guid(9fb5310f24031ab41ace99a00ea5c4fa) Importer(815301076,1909f56bfc062723c751e8b465ee728b)
Start importing Assets/Textures/sokoban_tilesheet@2_93.asset using Guid(9fb5310f24031ab41ace99a00ea5c4fa) Importer(815301076,1909f56bfc062723c751e8b465ee728b)  -> (artifact id: '6736a4bcf6e36c24e1939efd862685d5') in 0.015104 seconds
Number of updated asset objects reloaded before import = 0
Number of asset objects unloaded after import = 3
========================================================================
Received Import Request.
  Time since last request: 0.339752 seconds.
  path: Assets/Textures/sokoban_tilesheet@2_93 1.asset
  artifactKey: Guid(c8ab2ef68b1749d4da24dd4aa99c1989) Importer(815301076,1909f56bfc062723c751e8b465ee728b)
Start importing Assets/Textures/sokoban_tilesheet@2_93 1.asset using Guid(c8ab2ef68b1749d4da24dd4aa99c1989) Importer(815301076,1909f56bfc062723c751e8b465ee728b)  -> (artifact id: 'fc1eddd836d6ad2da8c0fb681fcccf7c') in 0.007920 seconds
Number of updated asset objects reloaded before import = 0
Number of asset objects unloaded after import = 3
========================================================================
Received Import Request.
  Time since last request: 0.000021 seconds.
  path: Assets/Textures/sokoban_tilesheet@2_96 1.asset
  artifactKey: Guid(9ddc60729e5e6e1488b37c3a25218994) Importer(815301076,1909f56bfc062723c751e8b465ee728b)
Start importing Assets/Textures/sokoban_tilesheet@2_96 1.asset using Guid(9ddc60729e5e6e1488b37c3a25218994) Importer(815301076,1909f56bfc062723c751e8b465ee728b)  -> (artifact id: 'd261814bc23893b8b3366ee0f3039f7b') in 0.026186 seconds
Number of updated asset objects reloaded before import = 0
Number of asset objects unloaded after import = 3
========================================================================
Received Import Request.
  Time since last request: 26.860334 seconds.
  path: Assets/Textures/sokoban_tilesheet@2_97.asset
  artifactKey: Guid(fb8ba4a6a0158524d9f3cda298b90870) Importer(815301076,1909f56bfc062723c751e8b465ee728b)
Start importing Assets/Textures/sokoban_tilesheet@2_97.asset using Guid(fb8ba4a6a0158524d9f3cda298b90870) Importer(815301076,1909f56bfc062723c751e8b465ee728b)  -> (artifact id: '70c7272d8a1ffa848c3eb142a7086e9e') in 0.066796 seconds
Number of updated asset objects reloaded before import = 0
Number of asset objects unloaded after import = 3
========================================================================
Received Import Request.
  Time since last request: 0.000025 seconds.
  path: Assets/Textures/sokoban_tilesheet@2_99.asset
  artifactKey: Guid(f71bf436a2ece3a469093b58ed77a382) Importer(815301076,1909f56bfc062723c751e8b465ee728b)
Start importing Assets/Textures/sokoban_tilesheet@2_99.asset using Guid(f71bf436a2ece3a469093b58ed77a382) Importer(815301076,1909f56bfc062723c751e8b465ee728b)  -> (artifact id: '691a0763f1eccb165b42ca6642eb9fbd') in 0.033253 seconds
Number of updated asset objects reloaded before import = 0
Number of asset objects unloaded after import = 3
========================================================================
Received Import Request.
  Time since last request: 0.000059 seconds.
  path: Assets/Textures/sokoban_tilesheet@2_98 1.asset
  artifactKey: Guid(2e62ec4a716670e42a0eacad9cc86041) Importer(815301076,1909f56bfc062723c751e8b465ee728b)
Start importing Assets/Textures/sokoban_tilesheet@2_98 1.asset using Guid(2e62ec4a716670e42a0eacad9cc86041) Importer(815301076,1909f56bfc062723c751e8b465ee728b)  -> (artifact id: '60664aabbf7bcde0c724514d1a21aae1') in 0.017685 seconds
Number of updated asset objects reloaded before import = 0
Number of asset objects unloaded after import = 3
Editor requested this worker to shutdown with reason: Scaling down because of idle timeout
TcpMessagingSession - receive error: operation aborted. errorcode: 995, details: Bir iþ parçacýðý çýkýþý veya bir uygulama isteði nedeniyle G/Ç iþlemi iptal edildi.
AssetImportWorker is now disconnected from the server
Process exiting
Exiting without the bug reporter. Application will terminate with return code 0